This file contains any messages produced by compilers while
running configure, to aid debugging if configure makes a mistake.

It was created by inotify-tools configure 3.14, which was
generated by GNU Autoconf 2.64.  Invocation command line was

  $ ./configure --prefix=/usr/local/inotify-tools-3.14

## --------- ##
## Platform. ##
## --------- ##

hostname = redhat6
uname -m = x86_64
uname -r = 2.6.32-358.el6.x86_64
uname -s = Linux
uname -v = #1 SMP Tue Jan 29 11:47:41 EST 2013

/usr/bin/uname -p = unknown
/bin/uname -X     = unknown

/bin/arch              = x86_64
/usr/bin/arch -k       = unknown
/usr/convex/getsysinfo = unknown
/usr/bin/hostinfo      = unknown
/bin/machine           = unknown
/usr/bin/oslevel       = unknown
/bin/universe          = unknown

PATH: /usr/lib64/qt-3.3/bin
PATH: /usr/local/sbin
PATH: /usr/local/bin
PATH: /sbin
PATH: /bin
PATH: /usr/sbin
PATH: /usr/bin
PATH: /root/bin


## ----------- ##
## Core tests. ##
## ----------- ##

configure:2344: checking for a BSD-compatible install
configure:2412: result: /usr/bin/install -c
configure:2423: checking whether build environment is sane
configure:2473: result: yes
configure:2614: checking for a thread-safe mkdir -p
configure:2653: result: /bin/mkdir -p
configure:2666: checking for gawk
configure:2682: found /bin/gawk
configure:2693: result: gawk
configure:2704: checking whether make sets $(MAKE)
configure:2726: result: yes
configure:2815: checking whether make sets $(MAKE)
configure:2837: result: yes
configure:2896: checking for gcc
configure:2912: found /usr/bin/gcc
configure:2923: result: gcc
configure:3152: checking for C compiler version
configure:3161: gcc --version >&5
gcc (GCC) 4.4.7 20120313 (Red Hat 4.4.7-3)
Copyright (C) 2010 Free Software Foundation, Inc.
This is free software; see the source for copying conditions.  There is NO
warranty; not even for MERCHANTABILITY or FITNESS FOR A PARTICULAR PURPOSE.

configure:3172: $? = 0
configure:3161: gcc -v >&5
Using built-in specs.
Target: x86_64-redhat-linux
Configured with: ../configure --prefix=/usr --mandir=/usr/share/man --infodir=/usr/share/info --with-bugurl=http://bugzilla.redhat.com/bugzilla --enable-bootstrap --enable-shared --enable-threads=posix --enable-checking=release --with-system-zlib --enable-__cxa_atexit --disable-libunwind-exceptions --enable-gnu-unique-object --enable-languages=c,c++,objc,obj-c++,java,fortran,ada --enable-java-awt=gtk --disable-dssi --with-java-home=/usr/lib/jvm/java-1.5.0-gcj-1.5.0.0/jre --enable-libgcj-multifile --enable-java-maintainer-mode --with-ecj-jar=/usr/share/java/eclipse-ecj.jar --disable-libjava-multilib --with-ppl --with-cloog --with-tune=generic --with-arch_32=i686 --build=x86_64-redhat-linux
Thread model: posix
gcc version 4.4.7 20120313 (Red Hat 4.4.7-3) (GCC) 
configure:3172: $? = 0
configure:3161: gcc -V >&5
gcc: '-V' option must have argument
configure:3172: $? = 1
configure:3161: gcc -qversion >&5
gcc: unrecognized option '-qversion'
gcc: no input files
configure:3172: $? = 1
configure:3194: checking for C compiler default output file name
configure:3216: gcc    conftest.c  >&5
configure:3220: $? = 0
configure:3257: result: a.out
configure:3273: checking whether the C compiler works
configure:3282: ./a.out
configure:3286: $? = 0
configure:3301: result: yes
configure:3308: checking whether we are cross compiling
configure:3310: result: no
configure:3313: checking for suffix of executables
configure:3320: gcc -o conftest    conftest.c  >&5
configure:3324: $? = 0
configure:3346: result: 
configure:3352: checking for suffix of object files
configure:3374: gcc -c   conftest.c >&5
configure:3378: $? = 0
configure:3399: result: o
configure:3403: checking whether we are using the GNU C compiler
configure:3422: gcc -c   conftest.c >&5
configure:3422: $? = 0
configure:3431: result: yes
configure:3440: checking whether gcc accepts -g
configure:3460: gcc -c -g  conftest.c >&5
configure:3460: $? = 0
configure:3501: result: yes
configure:3518: checking for gcc option to accept ISO C89
configure:3582: gcc  -c -g -O2  conftest.c >&5
configure:3582: $? = 0
configure:3595: result: none needed
configure:3626: checking for style of include used by make
configure:3654: result: GNU
configure:3679: checking dependency style of gcc
configure:3789: result: gcc3
configure:3833: checking build system type
configure:3847: result: x86_64-unknown-linux-gnu
configure:3867: checking host system type
configure:3880: result: x86_64-unknown-linux-gnu
configure:3900: checking for a sed that does not truncate output
configure:3964: result: /bin/sed
configure:3982: checking for grep that handles long lines and -e
configure:4040: result: /bin/grep
configure:4045: checking for egrep
configure:4107: result: /bin/grep -E
configure:4112: checking for fgrep
configure:4174: result: /bin/grep -F
configure:4209: checking for ld used by gcc
configure:4276: result: /usr/bin/ld
configure:4283: checking if the linker (/usr/bin/ld) is GNU ld
configure:4298: result: yes
configure:4310: checking for BSD- or MS-compatible name lister (nm)
configure:4359: result: /usr/bin/nm -B
configure:4477: checking the name lister (/usr/bin/nm -B) interface
configure:4484: gcc -c -g -O2  conftest.c >&5
configure:4487: /usr/bin/nm -B "conftest.o"
configure:4490: output
0000000000000000 B some_variable
configure:4497: result: BSD nm
configure:4500: checking whether ln -s works
configure:4504: result: yes
configure:4512: checking the maximum length of command line arguments
configure:4632: result: 1966080
configure:4649: checking whether the shell understands some XSI constructs
configure:4659: result: yes
configure:4663: checking whether the shell understands "+="
configure:4669: result: yes
configure:4704: checking for /usr/bin/ld option to reload object files
configure:4711: result: -r
configure:4780: checking for objdump
configure:4796: found /usr/bin/objdump
configure:4807: result: objdump
configure:4839: checking how to recognize dependent libraries
configure:5035: result: pass_all
configure:5095: checking for ar
configure:5111: found /usr/bin/ar
configure:5122: result: ar
configure:5200: checking for strip
configure:5216: found /usr/bin/strip
configure:5227: result: strip
configure:5299: checking for ranlib
configure:5315: found /usr/bin/ranlib
configure:5326: result: ranlib
configure:5416: checking command to parse /usr/bin/nm -B output from gcc object
configure:5534: gcc -c -g -O2  conftest.c >&5
configure:5537: $? = 0
configure:5541: /usr/bin/nm -B conftest.o \| sed -n -e 's/^.*[	 ]\([ABCDGIRSTW][ABCDGIRSTW]*\)[	 ][	 ]*\([_A-Za-z][_A-Za-z0-9]*\)$/\1 \2 \2/p' \> conftest.nm
configure:5544: $? = 0
configure:5598: gcc -o conftest -g -O2   conftest.c conftstm.o >&5
configure:5601: $? = 0
configure:5639: result: ok
configure:5735: gcc -c -g -O2  conftest.c >&5
configure:5738: $? = 0
configure:6448: checking how to run the C preprocessor
configure:6479: gcc -E  conftest.c
configure:6479: $? = 0
configure:6493: gcc -E  conftest.c
conftest.c:12:28: error: ac_nonexistent.h: No such file or directory
configure:6493: $? = 1
configure: failed program was:
| /* confdefs.h */
| #define PACKAGE_NAME "inotify-tools"
| #define PACKAGE_TARNAME "inotify-tools"
| #define PACKAGE_VERSION "3.14"
| #define PACKAGE_STRING "inotify-tools 3.14"
| #define PACKAGE_BUGREPORT "radu.voicilas@gmail.com"
| #define PACKAGE_URL ""
| #define PACKAGE "inotify-tools"
| #define VERSION "3.14"
| #define _GNU_SOURCE /**/
| /* end confdefs.h.  */
| #include <ac_nonexistent.h>
configure:6518: result: gcc -E
configure:6538: gcc -E  conftest.c
configure:6538: $? = 0
configure:6552: gcc -E  conftest.c
conftest.c:12:28: error: ac_nonexistent.h: No such file or directory
configure:6552: $? = 1
configure: failed program was:
| /* confdefs.h */
| #define PACKAGE_NAME "inotify-tools"
| #define PACKAGE_TARNAME "inotify-tools"
| #define PACKAGE_VERSION "3.14"
| #define PACKAGE_STRING "inotify-tools 3.14"
| #define PACKAGE_BUGREPORT "radu.voicilas@gmail.com"
| #define PACKAGE_URL ""
| #define PACKAGE "inotify-tools"
| #define VERSION "3.14"
| #define _GNU_SOURCE /**/
| /* end confdefs.h.  */
| #include <ac_nonexistent.h>
configure:6581: checking for ANSI C header files
configure:6601: gcc -c -g -O2  conftest.c >&5
configure:6601: $? = 0
configure:6674: gcc -o conftest -g -O2   conftest.c  >&5
configure:6674: $? = 0
configure:6674: ./conftest
configure:6674: $? = 0
configure:6685: result: yes
configure:6698: checking for sys/types.h
configure:6698: gcc -c -g -O2  conftest.c >&5
configure:6698: $? = 0
configure:6698: result: yes
configure:6698: checking for sys/stat.h
configure:6698: gcc -c -g -O2  conftest.c >&5
configure:6698: $? = 0
configure:6698: result: yes
configure:6698: checking for stdlib.h
configure:6698: gcc -c -g -O2  conftest.c >&5
configure:6698: $? = 0
configure:6698: result: yes
configure:6698: checking for string.h
configure:6698: gcc -c -g -O2  conftest.c >&5
configure:6698: $? = 0
configure:6698: result: yes
configure:6698: checking for memory.h
configure:6698: gcc -c -g -O2  conftest.c >&5
configure:6698: $? = 0
configure:6698: result: yes
configure:6698: checking for strings.h
configure:6698: gcc -c -g -O2  conftest.c >&5
configure:6698: $? = 0
configure:6698: result: yes
configure:6698: checking for inttypes.h
configure:6698: gcc -c -g -O2  conftest.c >&5
configure:6698: $? = 0
configure:6698: result: yes
configure:6698: checking for stdint.h
configure:6698: gcc -c -g -O2  conftest.c >&5
configure:6698: $? = 0
configure:6698: result: yes
configure:6698: checking for unistd.h
configure:6698: gcc -c -g -O2  conftest.c >&5
configure:6698: $? = 0
configure:6698: result: yes
configure:6713: checking for dlfcn.h
configure:6713: gcc -c -g -O2  conftest.c >&5
configure:6713: $? = 0
configure:6713: result: yes
configure:6897: checking for objdir
configure:6912: result: .libs
configure:7204: checking if gcc supports -fno-rtti -fno-exceptions
configure:7222: gcc -c -g -O2  -fno-rtti -fno-exceptions conftest.c >&5
cc1: warning: command line option "-fno-rtti" is valid for C++/ObjC++ but not for C
configure:7226: $? = 0
configure:7239: result: no
configure:7259: checking for gcc option to produce PIC
configure:7531: result: -fPIC -DPIC
configure:7543: checking if gcc PIC flag -fPIC -DPIC works
configure:7561: gcc -c -g -O2  -fPIC -DPIC -DPIC conftest.c >&5
configure:7565: $? = 0
configure:7578: result: yes
configure:7602: checking if gcc static flag -static works
configure:7630: result: no
configure:7645: checking if gcc supports -c -o file.o
configure:7666: gcc -c -g -O2  -o out/conftest2.o conftest.c >&5
configure:7670: $? = 0
configure:7692: result: yes
configure:7700: checking if gcc supports -c -o file.o
configure:7747: result: yes
configure:7780: checking whether the gcc linker (/usr/bin/ld -m elf_x86_64) supports shared libraries
configure:8770: result: yes
configure:8807: checking whether -lc should be explicitly linked in
configure:8812: gcc -c -g -O2  conftest.c >&5
configure:8815: $? = 0
configure:8830: gcc -shared conftest.o  -v -Wl,-soname -Wl,conftest -o conftest 2\>\&1 \| /bin/grep  -lc  \>/dev/null 2\>\&1
configure:8833: $? = 0
configure:8845: result: no
configure:9009: checking dynamic linker characteristics
configure:9442: gcc -o conftest -g -O2   -Wl,-rpath -Wl,/foo conftest.c  >&5
configure:9442: $? = 0
configure:9672: result: GNU/Linux ld.so
configure:9774: checking how to hardcode library paths into programs
configure:9799: result: immediate
configure:10319: checking whether stripping libraries is possible
configure:10324: result: yes
configure:10359: checking if libtool supports shared libraries
configure:10361: result: yes
configure:10364: checking whether to build shared libraries
configure:10385: result: yes
configure:10388: checking whether to build static libraries
configure:10392: result: yes
configure:10430: checking for doxygen
configure:10461: result: NO_DOXYGEN
configure:10509: checking sys/inotify.h usability
configure:10509: gcc -c -g -O2  conftest.c >&5
configure:10509: $? = 0
configure:10509: result: yes
configure:10509: checking sys/inotify.h presence
configure:10509: gcc -E  conftest.c
configure:10509: $? = 0
configure:10509: result: yes
configure:10509: checking for sys/inotify.h
configure:10509: result: yes
configure:10509: checking mcheck.h usability
configure:10509: gcc -c -g -O2  conftest.c >&5
configure:10509: $? = 0
configure:10509: result: yes
configure:10509: checking mcheck.h presence
configure:10509: gcc -E  conftest.c
configure:10509: $? = 0
configure:10509: result: yes
configure:10509: checking for mcheck.h
configure:10509: result: yes
configure:10526: checking whether sys/inotify.h actually works
configure:10540: gcc -c -g -O2  conftest.c >&5
configure:10540: $? = 0
configure:10541: result: yup
configure:10555: checking for an ANSI C-conforming const
configure:10620: gcc -c -g -O2  conftest.c >&5
configure:10620: $? = 0
configure:10627: result: yes
configure:10635: checking for inline
configure:10651: gcc -c -g -O2  conftest.c >&5
configure:10651: $? = 0
configure:10659: result: inline
configure:10809: creating ./config.status

## ---------------------- ##
## Running config.status. ##
## ---------------------- ##

This file was extended by inotify-tools config.status 3.14, which was
generated by GNU Autoconf 2.64.  Invocation command line was

  CONFIG_FILES    = 
  CONFIG_HEADERS  = 
  CONFIG_LINKS    = 
  CONFIG_COMMANDS = 
  $ ./config.status 

on redhat6

config.status:1071: creating Makefile
config.status:1071: creating src/Makefile
config.status:1071: creating man/Makefile
config.status:1071: creating libinotifytools/Makefile
config.status:1071: creating libinotifytools/src/Makefile
config.status:1071: creating libinotifytools/src/inotifytools/Makefile
config.status:1071: creating config.h
config.status:1071: creating libinotifytools/src/inotifytools/inotify.h
config.status:1291: executing depfiles commands
config.status:1291: executing libtool commands

## ---------------- ##
## Cache variables. ##
## ---------------- ##

ac_cv_build=x86_64-unknown-linux-gnu
ac_cv_c_compiler_gnu=yes
ac_cv_c_const=yes
ac_cv_c_inline=inline
ac_cv_env_CC_set=
ac_cv_env_CC_value=
ac_cv_env_CFLAGS_set=
ac_cv_env_CFLAGS_value=
ac_cv_env_CPPFLAGS_set=
ac_cv_env_CPPFLAGS_value=
ac_cv_env_CPP_set=
ac_cv_env_CPP_value=
ac_cv_env_LDFLAGS_set=
ac_cv_env_LDFLAGS_value=
ac_cv_env_LIBS_set=
ac_cv_env_LIBS_value=
ac_cv_env_build_alias_set=
ac_cv_env_build_alias_value=
ac_cv_env_host_alias_set=
ac_cv_env_host_alias_value=
ac_cv_env_target_alias_set=
ac_cv_env_target_alias_value=
ac_cv_header_dlfcn_h=yes
ac_cv_header_inttypes_h=yes
ac_cv_header_mcheck_h=yes
ac_cv_header_memory_h=yes
ac_cv_header_stdc=yes
ac_cv_header_stdint_h=yes
ac_cv_header_stdlib_h=yes
ac_cv_header_string_h=yes
ac_cv_header_strings_h=yes
ac_cv_header_sys_inotify_h=yes
ac_cv_header_sys_stat_h=yes
ac_cv_header_sys_types_h=yes
ac_cv_header_unistd_h=yes
ac_cv_host=x86_64-unknown-linux-gnu
ac_cv_objext=o
ac_cv_path_DOXYGEN=NO_DOXYGEN
ac_cv_path_EGREP='/bin/grep -E'
ac_cv_path_FGREP='/bin/grep -F'
ac_cv_path_GREP=/bin/grep
ac_cv_path_SED=/bin/sed
ac_cv_path_install='/usr/bin/install -c'
ac_cv_path_mkdir=/bin/mkdir
ac_cv_prog_AWK=gawk
ac_cv_prog_CPP='gcc -E'
ac_cv_prog_ac_ct_AR=ar
ac_cv_prog_ac_ct_CC=gcc
ac_cv_prog_ac_ct_OBJDUMP=objdump
ac_cv_prog_ac_ct_RANLIB=ranlib
ac_cv_prog_ac_ct_STRIP=strip
ac_cv_prog_cc_c89=
ac_cv_prog_cc_g=yes
ac_cv_prog_make_make_set=yes
am_cv_CC_dependencies_compiler_type=gcc3
lt_cv_deplibs_check_method=pass_all
lt_cv_file_magic_cmd='$MAGIC_CMD'
lt_cv_file_magic_test_file=
lt_cv_ld_reload_flag=-r
lt_cv_nm_interface='BSD nm'
lt_cv_objdir=.libs
lt_cv_path_LD=/usr/bin/ld
lt_cv_path_NM='/usr/bin/nm -B'
lt_cv_prog_compiler_c_o=yes
lt_cv_prog_compiler_pic_works=yes
lt_cv_prog_compiler_rtti_exceptions=no
lt_cv_prog_compiler_static_works=no
lt_cv_prog_gnu_ld=yes
lt_cv_sys_global_symbol_pipe='sed -n -e '\''s/^.*[	 ]\([ABCDGIRSTW][ABCDGIRSTW]*\)[	 ][	 ]*\([_A-Za-z][_A-Za-z0-9]*\)$/\1 \2 \2/p'\'''
lt_cv_sys_global_symbol_to_c_name_address='sed -n -e '\''s/^: \([^ ]*\) $/  {\"\1\", (void *) 0},/p'\'' -e '\''s/^[ABCDGIRSTW]* \([^ ]*\) \([^ ]*\)$/  {"\2", (void *) \&\2},/p'\'''
lt_cv_sys_global_symbol_to_c_name_address_lib_prefix='sed -n -e '\''s/^: \([^ ]*\) $/  {\"\1\", (void *) 0},/p'\'' -e '\''s/^[ABCDGIRSTW]* \([^ ]*\) \(lib[^ ]*\)$/  {"\2", (void *) \&\2},/p'\'' -e '\''s/^[ABCDGIRSTW]* \([^ ]*\) \([^ ]*\)$/  {"lib\2", (void *) \&\2},/p'\'''
lt_cv_sys_global_symbol_to_cdecl='sed -n -e '\''s/^T .* \(.*\)$/extern int \1();/p'\'' -e '\''s/^[ABCDGIRSTW]* .* \(.*\)$/extern char \1;/p'\'''
lt_cv_sys_max_cmd_len=1966080

## ----------------- ##
## Output variables. ##
## ----------------- ##

ACLOCAL='${SHELL} /root/rsync_client/inotify-tools-3.14/missing --run aclocal-1.11'
AMDEPBACKSLASH='\'
AMDEP_FALSE='#'
AMDEP_TRUE=''
AMTAR='${SHELL} /root/rsync_client/inotify-tools-3.14/missing --run tar'
AR='ar'
AUTOCONF='${SHELL} /root/rsync_client/inotify-tools-3.14/missing --run autoconf'
AUTOHEADER='${SHELL} /root/rsync_client/inotify-tools-3.14/missing --run autoheader'
AUTOMAKE='${SHELL} /root/rsync_client/inotify-tools-3.14/missing --run automake-1.11'
AWK='gawk'
CC='gcc'
CCDEPMODE='depmode=gcc3'
CFLAGS='-g -O2'
CPP='gcc -E'
CPPFLAGS=''
CYGPATH_W='echo'
DEFS='-DHAVE_CONFIG_H'
DEPDIR='.deps'
DOXYGEN='NO_DOXYGEN'
DOXYGEN_ENABLE_FALSE=''
DOXYGEN_ENABLE_TRUE='#'
DSYMUTIL=''
DUMPBIN=''
ECHO_C=''
ECHO_N='-n'
ECHO_T=''
EGREP='/bin/grep -E'
EXEEXT=''
FGREP='/bin/grep -F'
GREP='/bin/grep'
INSTALL_DATA='${INSTALL} -m 644'
INSTALL_PROGRAM='${INSTALL}'
INSTALL_SCRIPT='${INSTALL}'
INSTALL_STRIP_PROGRAM='$(install_sh) -c -s'
LD='/usr/bin/ld -m elf_x86_64'
LDFLAGS=''
LIBOBJS=''
LIBS=''
LIBTOOL='$(SHELL) $(top_builddir)/libtool'
LIPO=''
LN_S='ln -s'
LTLIBOBJS=''
MAKEINFO='${SHELL} /root/rsync_client/inotify-tools-3.14/missing --run makeinfo'
MKDIR_P='/bin/mkdir -p'
NM='/usr/bin/nm -B'
NMEDIT=''
OBJDUMP='objdump'
OBJEXT='o'
OTOOL64=''
OTOOL=''
PACKAGE='inotify-tools'
PACKAGE_BUGREPORT='radu.voicilas@gmail.com'
PACKAGE_NAME='inotify-tools'
PACKAGE_STRING='inotify-tools 3.14'
PACKAGE_TARNAME='inotify-tools'
PACKAGE_URL=''
PACKAGE_VERSION='3.14'
PATH_SEPARATOR=':'
RANLIB='ranlib'
SED='/bin/sed'
SET_MAKE=''
SHELL='/bin/sh'
STRIP='strip'
VERSION='3.14'
ac_ct_CC='gcc'
ac_ct_DUMPBIN=''
am__EXEEXT_FALSE=''
am__EXEEXT_TRUE='#'
am__fastdepCC_FALSE='#'
am__fastdepCC_TRUE=''
am__include='include'
am__isrc=''
am__leading_dot='.'
am__quote=''
am__tar='${AMTAR} chof - "$$tardir"'
am__untar='${AMTAR} xf -'
bindir='${exec_prefix}/bin'
build='x86_64-unknown-linux-gnu'
build_alias=''
build_cpu='x86_64'
build_os='linux-gnu'
build_vendor='unknown'
datadir='${datarootdir}'
datarootdir='${prefix}/share'
docdir='${datarootdir}/doc/${PACKAGE_TARNAME}'
dvidir='${docdir}'
exec_prefix='${prefix}'
host='x86_64-unknown-linux-gnu'
host_alias=''
host_cpu='x86_64'
host_os='linux-gnu'
host_vendor='unknown'
htmldir='${docdir}'
includedir='${prefix}/include'
infodir='${datarootdir}/info'
install_sh='${SHELL} /root/rsync_client/inotify-tools-3.14/install-sh'
libdir='${exec_prefix}/lib'
libexecdir='${exec_prefix}/libexec'
localedir='${datarootdir}/locale'
localstatedir='${prefix}/var'
lt_ECHO='echo'
mandir='${datarootdir}/man'
mkdir_p='/bin/mkdir -p'
oldincludedir='/usr/include'
pdfdir='${docdir}'
prefix='/usr/local/inotify-tools-3.14'
program_transform_name='s,x,x,'
psdir='${docdir}'
sbindir='${exec_prefix}/sbin'
sharedstatedir='${prefix}/com'
sysconfdir='${prefix}/etc'
target_alias=''

## ----------- ##
## confdefs.h. ##
## ----------- ##

/* confdefs.h */
#define PACKAGE_NAME "inotify-tools"
#define PACKAGE_TARNAME "inotify-tools"
#define PACKAGE_VERSION "3.14"
#define PACKAGE_STRING "inotify-tools 3.14"
#define PACKAGE_BUGREPORT "radu.voicilas@gmail.com"
#define PACKAGE_URL ""
#define PACKAGE "inotify-tools"
#define VERSION "3.14"
#define _GNU_SOURCE /**/
#define STDC_HEADERS 1
#define HAVE_SYS_TYPES_H 1
#define HAVE_SYS_STAT_H 1
#define HAVE_STDLIB_H 1
#define HAVE_STRING_H 1
#define HAVE_MEMORY_H 1
#define HAVE_STRINGS_H 1
#define HAVE_INTTYPES_H 1
#define HAVE_STDINT_H 1
#define HAVE_UNISTD_H 1
#define HAVE_DLFCN_H 1
#define LT_OBJDIR ".libs/"
#define HAVE_SYS_INOTIFY_H 1
#define HAVE_MCHECK_H 1
#define SYS_INOTIFY_H_EXISTS_AND_WORKS 1

configure: exit 0

## ---------------------- ##
## Running config.status. ##
## ---------------------- ##

This file was extended by inotify-tools config.status 3.14, which was
generated by GNU Autoconf 2.64.  Invocation command line was

  CONFIG_FILES    = 
  CONFIG_HEADERS  = 
  CONFIG_LINKS    = 
  CONFIG_COMMANDS = 
  $ ./config.status libinotifytools/src/inotifytools/inotify.h

on redhat6

config.status:1071: creating libinotifytools/src/inotifytools/inotify.h
config.status:1243: libinotifytools/src/inotifytools/inotify.h is unchanged

## ---------------------- ##
## Running config.status. ##
## ---------------------- ##

This file was extended by inotify-tools config.status 3.14, which was
generated by GNU Autoconf 2.64.  Invocation command line was

  CONFIG_FILES    = 
  CONFIG_HEADERS  = 
  CONFIG_LINKS    = 
  CONFIG_COMMANDS = 
  $ ./config.status config.h

on redhat6

config.status:1071: creating config.h
config.status:1243: config.h is unchanged
